INFO main org.springframework.web.context.ContextLoader - Root WebApplicationContext: initialization started
INFO main org.springframework.web.context.support.XmlWebApplicationContext - Refreshing Root WebApplicationContext: startup date [Thu Oct 04 15:19:56 CEST 2012]; root of context hierarchy
INFO main org.springframework.beans.factory.xml.XmlBeanDefinitionReader - Loading XML bean definitions from class path resource [application-context.xml]
INFO main org.springframework.context.annotation.ClassPathBeanDefinitionScanner - JSR-250 'javax.annotation.ManagedBean' found and supported for component scanning
INFO main org.springframework.context.annotation.ClassPathBeanDefinitionScanner - JSR-330 'javax.inject.Named' annotation found and supported for component scanning
INFO main org.springframework.beans.factory.xml.XmlBeanDefinitionReader - Loading XML bean definitions from class path resource [security-context.xml]
INFO main org.springframework.context.annotation.ClassPathBeanDefinitionScanner - JSR-250 'javax.annotation.ManagedBean' found and supported for component scanning
INFO main org.springframework.context.annotation.ClassPathBeanDefinitionScanner - JSR-330 'javax.inject.Named' annotation found and supported for component scanning
INFO main org.springframework.security.core.SpringSecurityCoreVersion - You are running with Spring Security Core 3.0.5.RELEASE
INFO main org.springframework.security.config.SecurityNamespaceHandler - Spring Security 'config' module version is 3.0.5.RELEASE
INFO main org.springframework.security.config.http.HttpSecurityBeanDefinitionParser - Checking sorted filter chain: [Root bean: class [org.springframework.security.web.context.SecurityContextPersistenceFilter]; scope=; abstract=false; lazyInit=false; autowireMode=0; dependencyCheck=0; autowireCandidate=true; primary=false; factoryBeanName=null; factoryMethodName=null; initMethodName=null; destroyMethodName=null, order = 300, Root bean: class [org.springframework.security.web.authentication.logout.LogoutFilter]; scope=; abstract=false; lazyInit=false; autowireMode=0; dependencyCheck=0; autowireCandidate=true; primary=false; factoryBeanName=null; factoryMethodName=null; initMethodName=null; destroyMethodName=null, order = 400, Root bean: class [org.springframework.security.web.authentication.UsernamePasswordAuthenticationFilter]; scope=; abstract=false; lazyInit=false; autowireMode=0; dependencyCheck=0; autowireCandidate=true; primary=false; factoryBeanName=null; factoryMethodName=null; initMethodName=null; destroyMethodName=null, order = 800, Root bean: class [org.springframework.security.web.authentication.www.BasicAuthenticationFilter]; scope=; abstract=false; lazyInit=false; autowireMode=0; dependencyCheck=0; autowireCandidate=true; primary=false; factoryBeanName=null; factoryMethodName=null; initMethodName=null; destroyMethodName=null, order = 1200, Root bean: class [org.springframework.security.web.savedrequest.RequestCacheAwareFilter]; scope=; abstract=false; lazyInit=false; autowireMode=0; dependencyCheck=0; autowireCandidate=true; primary=false; factoryBeanName=null; factoryMethodName=null; initMethodName=null; destroyMethodName=null, order = 1300, Root bean: class [org.springframework.security.web.servletapi.SecurityContextHolderAwareRequestFilter]; scope=; abstract=false; lazyInit=false; autowireMode=0; dependencyCheck=0; autowireCandidate=true; primary=false; factoryBeanName=null; factoryMethodName=null; initMethodName=null; destroyMethodName=null, order = 1400, Root bean: class [org.springframework.security.web.authentication.AnonymousAuthenticationFilter]; scope=; abstract=false; lazyInit=false; autowireMode=0; dependencyCheck=0; autowireCandidate=true; primary=false; factoryBeanName=null; factoryMethodName=null; initMethodName=null; destroyMethodName=null, order = 1600, Root bean: class [org.springframework.security.web.session.SessionManagementFilter]; scope=; abstract=false; lazyInit=false; autowireMode=0; dependencyCheck=0; autowireCandidate=true; primary=false; factoryBeanName=null; factoryMethodName=null; initMethodName=null; destroyMethodName=null, order = 1700, Root bean: class [org.springframework.security.web.access.ExceptionTranslationFilter]; scope=; abstract=false; lazyInit=false; autowireMode=0; dependencyCheck=0; autowireCandidate=true; primary=false; factoryBeanName=null; factoryMethodName=null; initMethodName=null; destroyMethodName=null, order = 1800, <org.springframework.security.web.access.intercept.FilterSecurityInterceptor#0>, order = 1900]
INFO main org.springframework.beans.factory.xml.XmlBeanDefinitionReader - Loading XML bean definitions from class path resource [tpl-context.xml]
INFO main org.springframework.context.annotation.ClassPathBeanDefinitionScanner - JSR-250 'javax.annotation.ManagedBean' found and supported for component scanning
INFO main org.springframework.context.annotation.ClassPathBeanDefinitionScanner - JSR-330 'javax.inject.Named' annotation found and supported for component scanning
INFO main org.springframework.beans.factory.annotation.AutowiredAnnotationBeanPostProcessor - JSR-330 'javax.inject.Inject' annotation found and supported for autowiring
INFO main org.springframework.cache.ehcache.EhCacheManagerFactoryBean - Initializing EHCache CacheManager
INFO main org.springframework.web.context.support.XmlWebApplicationContext - Bean 'ehCacheManager' of type [class org.springframework.cache.ehcache.EhCacheManagerFactoryBean] is not eligible for getting processed by all BeanPostProcessors (for example: not eligible for auto-proxying)
INFO main org.springframework.web.context.support.XmlWebApplicationContext - Bean '(inner bean)' of type [class org.springframework.security.access.annotation.SecuredAnnotationSecurityMetadataSource] is not eligible for getting processed by all BeanPostProcessors (for example: not eligible for auto-proxying)
INFO main org.springframework.web.context.support.XmlWebApplicationContext - Bean 'org.springframework.security.access.method.DelegatingMethodSecurityMetadataSource#0' of type [class org.springframework.security.access.method.DelegatingMethodSecurityMetadataSource] is not eligible for getting processed by all BeanPostProcessors (for example: not eligible for auto-proxying)
INFO main org.springframework.web.context.support.XmlWebApplicationContext - Bean 'org.springframework.security.methodSecurityMetadataSourceAdvisor' of type [class org.springframework.security.access.intercept.aopalliance.MethodSecurityMetadataSourceAdvisor] is not eligible for getting processed by all BeanPostProcessors (for example: not eligible for auto-proxying)
INFO main org.springframework.web.context.support.XmlWebApplicationContext - Bean 'ehCacheManager' of type [class net.sf.ehcache.CacheManager] is not eligible for getting processed by all BeanPostProcessors (for example: not eligible for auto-proxying)
INFO main org.springframework.web.context.support.XmlWebApplicationContext - Bean 'com.googlecode.ehcache.annotations.key.CachingReflectionHelper' of type [class com.googlecode.ehcache.annotations.key.CachingReflectionHelper] is not eligible for getting processed by all BeanPostProcessors (for example: not eligible for auto-proxying)
INFO main org.springframework.web.context.support.XmlWebApplicationContext - Bean 'com.googlecode.ehcache.annotations.key.HashCodeCacheKeyGenerator.DEFAULT_BEAN_NAME' of type [class com.googlecode.ehcache.annotations.key.HashCodeCacheKeyGenerator] is not eligible for getting processed by all BeanPostProcessors (for example: not eligible for auto-proxying)
INFO main org.springframework.web.context.support.XmlWebApplicationContext - Bean 'com.googlecode.ehcache.annotations.impl.CacheAttributeSourceImpl#0' of type [class com.googlecode.ehcache.annotations.impl.CacheAttributeSourceImpl] is not eligible for getting processed by all BeanPostProcessors (for example: not eligible for auto-proxying)
INFO main org.springframework.web.context.support.XmlWebApplicationContext - Bean 'com.googlecode.ehcache.annotations.impl.CacheStaticMethodMatcherPointcut#0' of type [class com.googlecode.ehcache.annotations.impl.CacheStaticMethodMatcherPointcut] is not eligible for getting processed by all BeanPostProcessors (for example: not eligible for auto-proxying)
INFO main org.springframework.web.context.support.XmlWebApplicationContext - Bean 'com.googlecode.ehcache.annotations.config.internalEhCacheCachingAdvisor' of type [class org.springframework.aop.support.DefaultBeanFactoryPointcutAdvisor] is not eligible for getting processed by all BeanPostProcessors (for example: not eligible for auto-proxying)
INFO main org.springframework.beans.factory.support.DefaultListableBeanFactory - Pre-instantiating singletons in org.springframework.beans.factory.support.DefaultListableBeanFactory@1e5348f: defining beans [localeService,complaintActions,submissionActions,utils,org.springframework.context.annotation.internalConfigurationAnnotationProcessor,org.springframework.context.annotation.internalAutowiredAnnotationProcessor,org.springframework.context.annotation.internalRequiredAnnotationProcessor,org.springframework.context.annotation.internalCommonAnnotationProcessor,propertyPlaceholderConfigurer,baseTransactionProxy,transactionManager,dataSource,gson,persistenceService,organisation,appState,org.springframework.aop.config.internalAutoProxyCreator,com.googlecode.ehcache.annotations.key.CachingReflectionHelper,com.googlecode.ehcache.annotations.key.ListCacheKeyGenerator.DEFAULT_BEAN_NAME,com.googlecode.ehcache.annotations.key.HashCodeCacheKeyGenerator.DEFAULT_BEAN_NAME,com.googlecode.ehcache.annotations.key.MessageDigestCacheKeyGenerator.DEFAULT_BEAN_NAME,com.googlecode.ehcache.annotations.key.ReflectionHashCodeCacheKeyGenerator.DEFAULT_BEAN_NAME,com.googlecode.ehcache.annotations.key.StringCacheKeyGenerator.DEFAULT_BEAN_NAME,com.googlecode.ehcache.annotations.impl.CacheAttributeSourceImpl#0,com.googlecode.ehcache.annotations.impl.CacheStaticMethodMatcherPointcut#0,com.googlecode.ehcache.annotations.interceptor.EhCacheInterceptor#0,com.googlecode.ehcache.annotations.config.internalEhCacheCachingAdvisor,ehCacheManager,loggerListener,currentUser,org.springframework.security.web.PortMapperImpl#0,org.springframework.security.web.context.HttpSessionSecurityContextRepository#0,org.springframework.security.web.authentication.session.SessionFixationProtectionStrategy#0,org.springframework.security.authentication.ProviderManager#0,org.springframework.security.access.vote.AffirmativeBased#0,org.springframework.security.web.access.intercept.FilterSecurityInterceptor#0,org.springframework.security.web.access.DefaultWebInvocationPrivilegeEvaluator#0,org.springframework.security.authentication.AnonymousAuthenticationProvider#0,org.springframework.security.web.savedrequest.HttpSessionRequestCache#0,org.springframework.security.web.authentication.www.BasicAuthenticationEntryPoint#0,org.springframework.security.web.authentication.UsernamePasswordAuthenticationFilter#0,org.springframework.security.config.http.UserDetailsServiceInjectionBeanPostProcessor#0,org.springframework.security.filterChainProxy,org.springframework.security.access.method.DelegatingMethodSecurityMetadataSource#0,org.springframework.security.access.vote.AffirmativeBased#1,org.springframework.security.access.intercept.aopalliance.MethodSecurityInterceptor#0,org.springframework.security.methodSecurityMetadataSourceAdvisor,userDetailsService0,userDetailsService1,userDetailsService2,userDetailsService3,userDetailsService4,org.springframework.security.authentication.dao.DaoAuthenticationProvider#0,org.springframework.security.authentication.dao.DaoAuthenticationProvider#1,org.springframework.security.authentication.dao.DaoAuthenticationProvider#2,org.springframework.security.authentication.dao.DaoAuthenticationProvider#3,org.springframework.security.authentication.dao.DaoAuthenticationProvider#4,org.springframework.security.authentication.DefaultAuthenticationEventPublisher#0,org.springframework.security.authenticationManager,xmlGateService,freemarkerConfiguration]; root of factory hierarchy
INFO main org.springframework.beans.factory.support.DefaultListableBeanFactory - Destroying singletons in org.springframework.beans.factory.support.DefaultListableBeanFactory@1e5348f: defining beans [localeService,complaintActions,submissionActions,utils,org.springframework.context.annotation.internalConfigurationAnnotationProcessor,org.springframework.context.annotation.internalAutowiredAnnotationProcessor,org.springframework.context.annotation.internalRequiredAnnotationProcessor,org.springframework.context.annotation.internalCommonAnnotationProcessor,propertyPlaceholderConfigurer,baseTransactionProxy,transactionManager,dataSource,gson,persistenceService,organisation,appState,org.springframework.aop.config.internalAutoProxyCreator,com.googlecode.ehcache.annotations.key.CachingReflectionHelper,com.googlecode.ehcache.annotations.key.ListCacheKeyGenerator.DEFAULT_BEAN_NAME,com.googlecode.ehcache.annotations.key.HashCodeCacheKeyGenerator.DEFAULT_BEAN_NAME,com.googlecode.ehcache.annotations.key.MessageDigestCacheKeyGenerator.DEFAULT_BEAN_NAME,com.googlecode.ehcache.annotations.key.ReflectionHashCodeCacheKeyGenerator.DEFAULT_BEAN_NAME,com.googlecode.ehcache.annotations.key.StringCacheKeyGenerator.DEFAULT_BEAN_NAME,com.googlecode.ehcache.annotations.impl.CacheAttributeSourceImpl#0,com.googlecode.ehcache.annotations.impl.CacheStaticMethodMatcherPointcut#0,com.googlecode.ehcache.annotations.interceptor.EhCacheInterceptor#0,com.googlecode.ehcache.annotations.config.internalEhCacheCachingAdvisor,ehCacheManager,loggerListener,currentUser,org.springframework.security.web.PortMapperImpl#0,org.springframework.security.web.context.HttpSessionSecurityContextRepository#0,org.springframework.security.web.authentication.session.SessionFixationProtectionStrategy#0,org.springframework.security.authentication.ProviderManager#0,org.springframework.security.access.vote.AffirmativeBased#0,org.springframework.security.web.access.intercept.FilterSecurityInterceptor#0,org.springframework.security.web.access.DefaultWebInvocationPrivilegeEvaluator#0,org.springframework.security.authentication.AnonymousAuthenticationProvider#0,org.springframework.security.web.savedrequest.HttpSessionRequestCache#0,org.springframework.security.web.authentication.www.BasicAuthenticationEntryPoint#0,org.springframework.security.web.authentication.UsernamePasswordAuthenticationFilter#0,org.springframework.security.config.http.UserDetailsServiceInjectionBeanPostProcessor#0,org.springframework.security.filterChainProxy,org.springframework.security.access.method.DelegatingMethodSecurityMetadataSource#0,org.springframework.security.access.vote.AffirmativeBased#1,org.springframework.security.access.intercept.aopalliance.MethodSecurityInterceptor#0,org.springframework.security.methodSecurityMetadataSourceAdvisor,userDetailsService0,userDetailsService1,userDetailsService2,userDetailsService3,userDetailsService4,org.springframework.security.authentication.dao.DaoAuthenticationProvider#0,org.springframework.security.authentication.dao.DaoAuthenticationProvider#1,org.springframework.security.authentication.dao.DaoAuthenticationProvider#2,org.springframework.security.authentication.dao.DaoAuthenticationProvider#3,org.springframework.security.authentication.dao.DaoAuthenticationProvider#4,org.springframework.security.authentication.DefaultAuthenticationEventPublisher#0,org.springframework.security.authenticationManager,xmlGateService,freemarkerConfiguration]; root of factory hierarchy
INFO main org.springframework.cache.ehcache.EhCacheManagerFactoryBean - Shutting down EHCache CacheManager
ERROR main org.springframework.web.context.ContextLoader - Context initialization failed
org.springframework.beans.factory.BeanCreationException: Error creating bean with name 'utils': Injection of autowired dependencies failed; nested exception is org.springframework.beans.factory.BeanCreationException: Could not autowire field: private ro.penteker.auktion.beans.AppState ro.penteker.auktion.utils.impl.UtilsImpl.appState; nested exception is org.springframework.beans.factory.CannotLoadBeanClassException: Cannot find class [eu.cec.sanco.services.impl.XMLGateServiceImpl] for bean with name 'xmlGateService' defined in class path resource [tpl-context.xml]; nested exception is java.lang.ClassNotFoundException: eu.cec.sanco.services.impl.XMLGateServiceImpl
	at org.springframework.beans.factory.annotation.AutowiredAnnotationBeanPostProcessor.postProcessPropertyValues(AutowiredAnnotationBeanPostProcessor.java:285)
	at org.springframework.beans.factory.support.AbstractAutowireCapableBeanFactory.populateBean(AbstractAutowireCapableBeanFactory.java:1074)
	at org.springframework.beans.factory.support.AbstractAutowireCapableBeanFactory.doCreateBean(AbstractAutowireCapableBeanFactory.java:517)
	at org.springframework.beans.factory.support.AbstractAutowireCapableBeanFactory.createBean(AbstractAutowireCapableBeanFactory.java:456)
	at org.springframework.beans.factory.support.AbstractBeanFactory$1.getObject(AbstractBeanFactory.java:291)
	at org.springframework.beans.factory.support.DefaultSingletonBeanRegistry.getSingleton(DefaultSingletonBeanRegistry.java:222)
	at org.springframework.beans.factory.support.AbstractBeanFactory.doGetBean(AbstractBeanFactory.java:288)
	at org.springframework.beans.factory.support.AbstractBeanFactory.getBean(AbstractBeanFactory.java:190)
	at org.springframework.beans.factory.support.DefaultListableBeanFactory.preInstantiateSingletons(DefaultListableBeanFactory.java:580)
	at org.springframework.context.support.AbstractApplicationContext.finishBeanFactoryInitialization(AbstractApplicationContext.java:895)
	at org.springframework.context.support.AbstractApplicationContext.refresh(AbstractApplicationContext.java:425)
	at org.springframework.web.context.ContextLoader.createWebApplicationContext(ContextLoader.java:276)
	at org.springframework.web.context.ContextLoader.initWebApplicationContext(ContextLoader.java:197)
	at org.springframework.web.context.ContextLoaderListener.contextInitialized(ContextLoaderListener.java:47)
	at org.eclipse.jetty.server.handler.ContextHandler.callContextInitialized(ContextHandler.java:764)
	at org.eclipse.jetty.servlet.ServletContextHandler.callContextInitialized(ServletContextHandler.java:406)
	at org.eclipse.jetty.server.handler.ContextHandler.startContext(ContextHandler.java:756)
	at org.eclipse.jetty.servlet.ServletContextHandler.startContext(ServletContextHandler.java:242)
	at org.eclipse.jetty.webapp.WebAppContext.startContext(WebAppContext.java:1221)
	at org.eclipse.jetty.server.handler.ContextHandler.doStart(ContextHandler.java:699)
	at org.eclipse.jetty.webapp.WebAppContext.doStart(WebAppContext.java:454)
	at org.mortbay.jetty.plugin.JettyWebAppContext.doStart(JettyWebAppContext.java:256)
	at org.eclipse.jetty.util.component.AbstractLifeCycle.start(AbstractLifeCycle.java:59)
	at org.eclipse.jetty.server.handler.HandlerCollection.doStart(HandlerCollection.java:224)
	at org.eclipse.jetty.server.handler.ContextHandlerCollection.doStart(ContextHandlerCollection.java:167)
	at org.eclipse.jetty.util.component.AbstractLifeCycle.start(AbstractLifeCycle.java:59)
	at org.eclipse.jetty.server.handler.HandlerCollection.doStart(HandlerCollection.java:224)
	at org.eclipse.jetty.util.component.AbstractLifeCycle.start(AbstractLifeCycle.java:59)
	at org.eclipse.jetty.server.handler.HandlerWrapper.doStart(HandlerWrapper.java:90)
	at org.eclipse.jetty.server.Server.doStart(Server.java:263)
	at org.mortbay.jetty.plugin.JettyServer.doStart(JettyServer.java:65)
	at org.eclipse.jetty.util.component.AbstractLifeCycle.start(AbstractLifeCycle.java:59)
	at org.mortbay.jetty.plugin.AbstractJettyMojo.startJetty(AbstractJettyMojo.java:511)
	at org.mortbay.jetty.plugin.AbstractJettyMojo.execute(AbstractJettyMojo.java:364)
	at org.mortbay.jetty.plugin.JettyRunMojo.execute(JettyRunMojo.java:516)
	at org.apache.maven.plugin.DefaultBuildPluginManager.executeMojo(DefaultBuildPluginManager.java:101)
	at org.apache.maven.lifecycle.internal.MojoExecutor.execute(MojoExecutor.java:209)
	at org.apache.maven.lifecycle.internal.MojoExecutor.execute(MojoExecutor.java:153)
	at org.apache.maven.lifecycle.internal.MojoExecutor.execute(MojoExecutor.java:145)
	at org.apache.maven.lifecycle.internal.LifecycleModuleBuilder.buildProject(LifecycleModuleBuilder.java:84)
	at org.apache.maven.lifecycle.internal.LifecycleModuleBuilder.buildProject(LifecycleModuleBuilder.java:59)
	at org.apache.maven.lifecycle.internal.LifecycleStarter.singleThreadedBuild(LifecycleStarter.java:183)
	at org.apache.maven.lifecycle.internal.LifecycleStarter.execute(LifecycleStarter.java:161)
	at org.apache.maven.DefaultMaven.doExecute(DefaultMaven.java:319)
	at org.apache.maven.DefaultMaven.execute(DefaultMaven.java:156)
	at org.apache.maven.cli.MavenCli.execute(MavenCli.java:537)
	at org.apache.maven.cli.MavenCli.doMain(MavenCli.java:196)
	at org.apache.maven.cli.MavenCli.main(MavenCli.java:141)
	at sun.reflect.NativeMethodAccessorImpl.invoke0(Native Method)
	at sun.reflect.NativeMethodAccessorImpl.invoke(NativeMethodAccessorImpl.java:39)
	at sun.reflect.DelegatingMethodAccessorImpl.invoke(DelegatingMethodAccessorImpl.java:25)
	at java.lang.reflect.Method.invoke(Method.java:597)
	at org.codehaus.plexus.classworlds.launcher.Launcher.launchEnhanced(Launcher.java:290)
	at org.codehaus.plexus.classworlds.launcher.Launcher.launch(Launcher.java:230)
	at org.codehaus.plexus.classworlds.launcher.Launcher.mainWithExitCode(Launcher.java:409)
	at org.codehaus.plexus.classworlds.launcher.Launcher.main(Launcher.java:352)
Caused by: org.springframework.beans.factory.BeanCreationException: Could not autowire field: private ro.penteker.auktion.beans.AppState ro.penteker.auktion.utils.impl.UtilsImpl.appState; nested exception is org.springframework.beans.factory.CannotLoadBeanClassException: Cannot find class [eu.cec.sanco.services.impl.XMLGateServiceImpl] for bean with name 'xmlGateService' defined in class path resource [tpl-context.xml]; nested exception is java.lang.ClassNotFoundException: eu.cec.sanco.services.impl.XMLGateServiceImpl
	at org.springframework.beans.factory.annotation.AutowiredAnnotationBeanPostProcessor$AutowiredFieldElement.inject(AutowiredAnnotationBeanPostProcessor.java:502)
	at org.springframework.beans.factory.annotation.InjectionMetadata.inject(InjectionMetadata.java:84)
	at org.springframework.beans.factory.annotation.AutowiredAnnotationBeanPostProcessor.postProcessPropertyValues(AutowiredAnnotationBeanPostProcessor.java:282)
	... 55 more
Caused by: org.springframework.beans.factory.CannotLoadBeanClassException: Cannot find class [eu.cec.sanco.services.impl.XMLGateServiceImpl] for bean with name 'xmlGateService' defined in class path resource [tpl-context.xml]; nested exception is java.lang.ClassNotFoundException: eu.cec.sanco.services.impl.XMLGateServiceImpl
	at org.springframework.beans.factory.support.AbstractBeanFactory.resolveBeanClass(AbstractBeanFactory.java:1250)
	at org.springframework.beans.factory.support.AbstractAutowireCapableBeanFactory.predictBeanType(AbstractAutowireCapableBeanFactory.java:576)
	at org.springframework.beans.factory.support.AbstractBeanFactory.isFactoryBean(AbstractBeanFactory.java:1319)
	at org.springframework.beans.factory.support.DefaultListableBeanFactory.getBeanNamesForType(DefaultListableBeanFactory.java:315)
	at org.springframework.beans.factory.BeanFactoryUtils.beanNamesForTypeIncludingAncestors(BeanFactoryUtils.java:185)
	at org.springframework.beans.factory.support.DefaultListableBeanFactory.findAutowireCandidates(DefaultListableBeanFactory.java:829)
	at org.springframework.beans.factory.support.DefaultListableBeanFactory.doResolveDependency(DefaultListableBeanFactory.java:786)
	at org.springframework.beans.factory.support.DefaultListableBeanFactory.resolveDependency(DefaultListableBeanFactory.java:703)
	at org.springframework.beans.factory.annotation.AutowiredAnnotationBeanPostProcessor$AutowiredFieldElement.inject(AutowiredAnnotationBeanPostProcessor.java:474)
	... 57 more
Caused by: java.lang.ClassNotFoundException: eu.cec.sanco.services.impl.XMLGateServiceImpl
	at org.codehaus.plexus.classworlds.strategy.SelfFirstStrategy.loadClass(SelfFirstStrategy.java:50)
	at org.codehaus.plexus.classworlds.realm.ClassRealm.loadClass(ClassRealm.java:244)
	at org.codehaus.plexus.classworlds.realm.ClassRealm.loadClass(ClassRealm.java:230)
	at org.eclipse.jetty.webapp.WebAppClassLoader.loadClass(WebAppClassLoader.java:424)
	at org.eclipse.jetty.webapp.WebAppClassLoader.loadClass(WebAppClassLoader.java:377)
	at org.springframework.util.ClassUtils.forName(ClassUtils.java:257)
	at org.springframework.beans.factory.support.AbstractBeanDefinition.resolveBeanClass(AbstractBeanDefinition.java:408)
	at org.springframework.beans.factory.support.AbstractBeanFactory.doResolveBeanClass(AbstractBeanFactory.java:1271)
	at org.springframework.beans.factory.support.AbstractBeanFactory.resolveBeanClass(AbstractBeanFactory.java:1242)
	... 65 more
INFO main org.springframework.web.context.ContextLoader - Root WebApplicationContext: initialization started
INFO main org.springframework.web.context.support.XmlWebApplicationContext - Refreshing Root WebApplicationContext: startup date [Thu Oct 04 15:21:03 CEST 2012]; root of context hierarchy
INFO main org.springframework.beans.factory.xml.XmlBeanDefinitionReader - Loading XML bean definitions from class path resource [application-context.xml]
INFO main org.springframework.context.annotation.ClassPathBeanDefinitionScanner - JSR-250 'javax.annotation.ManagedBean' found and supported for component scanning
INFO main org.springframework.context.annotation.ClassPathBeanDefinitionScanner - JSR-330 'javax.inject.Named' annotation found and supported for component scanning
INFO main org.springframework.beans.factory.xml.XmlBeanDefinitionReader - Loading XML bean definitions from class path resource [security-context.xml]
INFO main org.springframework.context.annotation.ClassPathBeanDefinitionScanner - JSR-250 'javax.annotation.ManagedBean' found and supported for component scanning
INFO main org.springframework.context.annotation.ClassPathBeanDefinitionScanner - JSR-330 'javax.inject.Named' annotation found and supported for component scanning
INFO main org.springframework.security.core.SpringSecurityCoreVersion - You are running with Spring Security Core 3.0.5.RELEASE
INFO main org.springframework.security.config.SecurityNamespaceHandler - Spring Security 'config' module version is 3.0.5.RELEASE
INFO main org.springframework.security.config.http.HttpSecurityBeanDefinitionParser - Checking sorted filter chain: [Root bean: class [org.springframework.security.web.context.SecurityContextPersistenceFilter]; scope=; abstract=false; lazyInit=false; autowireMode=0; dependencyCheck=0; autowireCandidate=true; primary=false; factoryBeanName=null; factoryMethodName=null; initMethodName=null; destroyMethodName=null, order = 300, Root bean: class [org.springframework.security.web.authentication.logout.LogoutFilter]; scope=; abstract=false; lazyInit=false; autowireMode=0; dependencyCheck=0; autowireCandidate=true; primary=false; factoryBeanName=null; factoryMethodName=null; initMethodName=null; destroyMethodName=null, order = 400, Root bean: class [org.springframework.security.web.authentication.UsernamePasswordAuthenticationFilter]; scope=; abstract=false; lazyInit=false; autowireMode=0; dependencyCheck=0; autowireCandidate=true; primary=false; factoryBeanName=null; factoryMethodName=null; initMethodName=null; destroyMethodName=null, order = 800, Root bean: class [org.springframework.security.web.authentication.www.BasicAuthenticationFilter]; scope=; abstract=false; lazyInit=false; autowireMode=0; dependencyCheck=0; autowireCandidate=true; primary=false; factoryBeanName=null; factoryMethodName=null; initMethodName=null; destroyMethodName=null, order = 1200, Root bean: class [org.springframework.security.web.savedrequest.RequestCacheAwareFilter]; scope=; abstract=false; lazyInit=false; autowireMode=0; dependencyCheck=0; autowireCandidate=true; primary=false; factoryBeanName=null; factoryMethodName=null; initMethodName=null; destroyMethodName=null, order = 1300, Root bean: class [org.springframework.security.web.servletapi.SecurityContextHolderAwareRequestFilter]; scope=; abstract=false; lazyInit=false; autowireMode=0; dependencyCheck=0; autowireCandidate=true; primary=false; factoryBeanName=null; factoryMethodName=null; initMethodName=null; destroyMethodName=null, order = 1400, Root bean: class [org.springframework.security.web.authentication.AnonymousAuthenticationFilter]; scope=; abstract=false; lazyInit=false; autowireMode=0; dependencyCheck=0; autowireCandidate=true; primary=false; factoryBeanName=null; factoryMethodName=null; initMethodName=null; destroyMethodName=null, order = 1600, Root bean: class [org.springframework.security.web.session.SessionManagementFilter]; scope=; abstract=false; lazyInit=false; autowireMode=0; dependencyCheck=0; autowireCandidate=true; primary=false; factoryBeanName=null; factoryMethodName=null; initMethodName=null; destroyMethodName=null, order = 1700, Root bean: class [org.springframework.security.web.access.ExceptionTranslationFilter]; scope=; abstract=false; lazyInit=false; autowireMode=0; dependencyCheck=0; autowireCandidate=true; primary=false; factoryBeanName=null; factoryMethodName=null; initMethodName=null; destroyMethodName=null, order = 1800, <org.springframework.security.web.access.intercept.FilterSecurityInterceptor#0>, order = 1900]
INFO main org.springframework.beans.factory.xml.XmlBeanDefinitionReader - Loading XML bean definitions from class path resource [tpl-context.xml]
INFO main org.springframework.context.annotation.ClassPathBeanDefinitionScanner - JSR-250 'javax.annotation.ManagedBean' found and supported for component scanning
INFO main org.springframework.context.annotation.ClassPathBeanDefinitionScanner - JSR-330 'javax.inject.Named' annotation found and supported for component scanning
INFO main org.springframework.beans.factory.annotation.AutowiredAnnotationBeanPostProcessor - JSR-330 'javax.inject.Inject' annotation found and supported for autowiring
INFO main org.springframework.cache.ehcache.EhCacheManagerFactoryBean - Initializing EHCache CacheManager
INFO main org.springframework.web.context.support.XmlWebApplicationContext - Bean 'ehCacheManager' of type [class org.springframework.cache.ehcache.EhCacheManagerFactoryBean] is not eligible for getting processed by all BeanPostProcessors (for example: not eligible for auto-proxying)
INFO main org.springframework.web.context.support.XmlWebApplicationContext - Bean '(inner bean)' of type [class org.springframework.security.access.annotation.SecuredAnnotationSecurityMetadataSource] is not eligible for getting processed by all BeanPostProcessors (for example: not eligible for auto-proxying)
INFO main org.springframework.web.context.support.XmlWebApplicationContext - Bean 'org.springframework.security.access.method.DelegatingMethodSecurityMetadataSource#0' of type [class org.springframework.security.access.method.DelegatingMethodSecurityMetadataSource] is not eligible for getting processed by all BeanPostProcessors (for example: not eligible for auto-proxying)
INFO main org.springframework.web.context.support.XmlWebApplicationContext - Bean 'org.springframework.security.methodSecurityMetadataSourceAdvisor' of type [class org.springframework.security.access.intercept.aopalliance.MethodSecurityMetadataSourceAdvisor] is not eligible for getting processed by all BeanPostProcessors (for example: not eligible for auto-proxying)
INFO main org.springframework.web.context.support.XmlWebApplicationContext - Bean 'ehCacheManager' of type [class net.sf.ehcache.CacheManager] is not eligible for getting processed by all BeanPostProcessors (for example: not eligible for auto-proxying)
INFO main org.springframework.web.context.support.XmlWebApplicationContext - Bean 'com.googlecode.ehcache.annotations.key.CachingReflectionHelper' of type [class com.googlecode.ehcache.annotations.key.CachingReflectionHelper] is not eligible for getting processed by all BeanPostProcessors (for example: not eligible for auto-proxying)
INFO main org.springframework.web.context.support.XmlWebApplicationContext - Bean 'com.googlecode.ehcache.annotations.key.HashCodeCacheKeyGenerator.DEFAULT_BEAN_NAME' of type [class com.googlecode.ehcache.annotations.key.HashCodeCacheKeyGenerator] is not eligible for getting processed by all BeanPostProcessors (for example: not eligible for auto-proxying)
INFO main org.springframework.web.context.support.XmlWebApplicationContext - Bean 'com.googlecode.ehcache.annotations.impl.CacheAttributeSourceImpl#0' of type [class com.googlecode.ehcache.annotations.impl.CacheAttributeSourceImpl] is not eligible for getting processed by all BeanPostProcessors (for example: not eligible for auto-proxying)
INFO main org.springframework.web.context.support.XmlWebApplicationContext - Bean 'com.googlecode.ehcache.annotations.impl.CacheStaticMethodMatcherPointcut#0' of type [class com.googlecode.ehcache.annotations.impl.CacheStaticMethodMatcherPointcut] is not eligible for getting processed by all BeanPostProcessors (for example: not eligible for auto-proxying)
INFO main org.springframework.web.context.support.XmlWebApplicationContext - Bean 'com.googlecode.ehcache.annotations.config.internalEhCacheCachingAdvisor' of type [class org.springframework.aop.support.DefaultBeanFactoryPointcutAdvisor] is not eligible for getting processed by all BeanPostProcessors (for example: not eligible for auto-proxying)
INFO main org.springframework.beans.factory.support.DefaultListableBeanFactory - Pre-instantiating singletons in org.springframework.beans.factory.support.DefaultListableBeanFactory@1d1068c: defining beans [localeService,complaintActions,submissionActions,utils,org.springframework.context.annotation.internalConfigurationAnnotationProcessor,org.springframework.context.annotation.internalAutowiredAnnotationProcessor,org.springframework.context.annotation.internalRequiredAnnotationProcessor,org.springframework.context.annotation.internalCommonAnnotationProcessor,propertyPlaceholderConfigurer,baseTransactionProxy,transactionManager,dataSource,gson,persistenceService,organisation,appState,org.springframework.aop.config.internalAutoProxyCreator,com.googlecode.ehcache.annotations.key.CachingReflectionHelper,com.googlecode.ehcache.annotations.key.ListCacheKeyGenerator.DEFAULT_BEAN_NAME,com.googlecode.ehcache.annotations.key.HashCodeCacheKeyGenerator.DEFAULT_BEAN_NAME,com.googlecode.ehcache.annotations.key.MessageDigestCacheKeyGenerator.DEFAULT_BEAN_NAME,com.googlecode.ehcache.annotations.key.ReflectionHashCodeCacheKeyGenerator.DEFAULT_BEAN_NAME,com.googlecode.ehcache.annotations.key.StringCacheKeyGenerator.DEFAULT_BEAN_NAME,com.googlecode.ehcache.annotations.impl.CacheAttributeSourceImpl#0,com.googlecode.ehcache.annotations.impl.CacheStaticMethodMatcherPointcut#0,com.googlecode.ehcache.annotations.interceptor.EhCacheInterceptor#0,com.googlecode.ehcache.annotations.config.internalEhCacheCachingAdvisor,ehCacheManager,loggerListener,currentUser,org.springframework.security.web.PortMapperImpl#0,org.springframework.security.web.context.HttpSessionSecurityContextRepository#0,org.springframework.security.web.authentication.session.SessionFixationProtectionStrategy#0,org.springframework.security.authentication.ProviderManager#0,org.springframework.security.access.vote.AffirmativeBased#0,org.springframework.security.web.access.intercept.FilterSecurityInterceptor#0,org.springframework.security.web.access.DefaultWebInvocationPrivilegeEvaluator#0,org.springframework.security.authentication.AnonymousAuthenticationProvider#0,org.springframework.security.web.savedrequest.HttpSessionRequestCache#0,org.springframework.security.web.authentication.www.BasicAuthenticationEntryPoint#0,org.springframework.security.web.authentication.UsernamePasswordAuthenticationFilter#0,org.springframework.security.config.http.UserDetailsServiceInjectionBeanPostProcessor#0,org.springframework.security.filterChainProxy,org.springframework.security.access.method.DelegatingMethodSecurityMetadataSource#0,org.springframework.security.access.vote.AffirmativeBased#1,org.springframework.security.access.intercept.aopalliance.MethodSecurityInterceptor#0,org.springframework.security.methodSecurityMetadataSourceAdvisor,userDetailsService0,userDetailsService1,userDetailsService2,userDetailsService3,userDetailsService4,org.springframework.security.authentication.dao.DaoAuthenticationProvider#0,org.springframework.security.authentication.dao.DaoAuthenticationProvider#1,org.springframework.security.authentication.dao.DaoAuthenticationProvider#2,org.springframework.security.authentication.dao.DaoAuthenticationProvider#3,org.springframework.security.authentication.dao.DaoAuthenticationProvider#4,org.springframework.security.authentication.DefaultAuthenticationEventPublisher#0,org.springframework.security.authenticationManager,xmlGateService,freemarkerConfiguration]; root of factory hierarchy
INFO main ro.penteker.auktion.services.impl.PersistenceServiceImpl - Searching for appstate.
INFO main ro.penteker.auktion.services.impl.PersistenceServiceImpl - Searching for organisation.
INFO main org.springframework.security.web.access.intercept.FilterSecurityInterceptor - Validated configuration attributes
INFO main org.springframework.security.access.intercept.aopalliance.MethodSecurityInterceptor - Validated configuration attributes
INFO main ro.penteker.auktion.services.impl.XMLGateServiceImpl - Init templates ...
INFO main ro.penteker.auktion.services.impl.XMLGateServiceImpl - Done ...
INFO main org.springframework.web.context.ContextLoader - Root WebApplicationContext: initialization completed in 2610 ms
WARN qtp1535718-24 org.springframework.security.authentication.event.LoggerListener - Authentication event AuthenticationSuccessEvent: BE-Et-oqj; details: org.springframework.security.web.authentication.WebAuthenticationDetails@1c07a: RemoteIpAddress: 127.0.0.1; SessionId: 17dd647s3tz7z11p5y76854qwx
INFO qtp1535718-24 ro.penteker.auktion.utils.impl.UtilsImpl - Resetting caches.
WARN qtp1535718-24 org.springframework.security.authentication.event.LoggerListener - Authentication event InteractiveAuthenticationSuccessEvent: BE-Et-oqj; details: org.springframework.security.web.authentication.WebAuthenticationDetails@1c07a: RemoteIpAddress: 127.0.0.1; SessionId: 17dd647s3tz7z11p5y76854qwx
INFO qtp1535718-20 ro.penteker.auktion.services.impl.PersistenceServiceImpl - Getting all entries.
INFO qtp1535718-20 ro.penteker.auktion.services.impl.PersistenceServiceImpl - Getting all entries.
INFO qtp1535718-20 ro.penteker.auktion.services.impl.XMLGateServiceImpl - Using username: test
INFO qtp1535718-20 ro.penteker.auktion.services.impl.XMLGateServiceImpl - Using password: test
INFO qtp1535718-20 ro.penteker.auktion.services.impl.XMLGateServiceImpl - Buffer size: 0 MB
INFO qtp1535718-20 ro.penteker.auktion.utils.impl.UtilsImpl - Resetting caches.
INFO Thread-1 ro.penteker.auktion.utils.impl.UtilsImpl - Resetting caches.
INFO Thread-1 ro.penteker.auktion.utils.impl.UtilsImpl - Resetting caches.
INFO Thread-1 org.springframework.web.context.support.XmlWebApplicationContext - Closing Root WebApplicationContext: startup date [Thu Oct 04 15:21:03 CEST 2012]; root of context hierarchy
INFO Thread-1 org.springframework.beans.factory.support.DefaultListableBeanFactory - Destroying singletons in org.springframework.beans.factory.support.DefaultListableBeanFactory@1d1068c: defining beans [localeService,complaintActions,submissionActions,utils,org.springframework.context.annotation.internalConfigurationAnnotationProcessor,org.springframework.context.annotation.internalAutowiredAnnotationProcessor,org.springframework.context.annotation.internalRequiredAnnotationProcessor,org.springframework.context.annotation.internalCommonAnnotationProcessor,propertyPlaceholderConfigurer,baseTransactionProxy,transactionManager,dataSource,gson,persistenceService,organisation,appState,org.springframework.aop.config.internalAutoProxyCreator,com.googlecode.ehcache.annotations.key.CachingReflectionHelper,com.googlecode.ehcache.annotations.key.ListCacheKeyGenerator.DEFAULT_BEAN_NAME,com.googlecode.ehcache.annotations.key.HashCodeCacheKeyGenerator.DEFAULT_BEAN_NAME,com.googlecode.ehcache.annotations.key.MessageDigestCacheKeyGenerator.DEFAULT_BEAN_NAME,com.googlecode.ehcache.annotations.key.ReflectionHashCodeCacheKeyGenerator.DEFAULT_BEAN_NAME,com.googlecode.ehcache.annotations.key.StringCacheKeyGenerator.DEFAULT_BEAN_NAME,com.googlecode.ehcache.annotations.impl.CacheAttributeSourceImpl#0,com.googlecode.ehcache.annotations.impl.CacheStaticMethodMatcherPointcut#0,com.googlecode.ehcache.annotations.interceptor.EhCacheInterceptor#0,com.googlecode.ehcache.annotations.config.internalEhCacheCachingAdvisor,ehCacheManager,loggerListener,currentUser,org.springframework.security.web.PortMapperImpl#0,org.springframework.security.web.context.HttpSessionSecurityContextRepository#0,org.springframework.security.web.authentication.session.SessionFixationProtectionStrategy#0,org.springframework.security.authentication.ProviderManager#0,org.springframework.security.access.vote.AffirmativeBased#0,org.springframework.security.web.access.intercept.FilterSecurityInterceptor#0,org.springframework.security.web.access.DefaultWebInvocationPrivilegeEvaluator#0,org.springframework.security.authentication.AnonymousAuthenticationProvider#0,org.springframework.security.web.savedrequest.HttpSessionRequestCache#0,org.springframework.security.web.authentication.www.BasicAuthenticationEntryPoint#0,org.springframework.security.web.authentication.UsernamePasswordAuthenticationFilter#0,org.springframework.security.config.http.UserDetailsServiceInjectionBeanPostProcessor#0,org.springframework.security.filterChainProxy,org.springframework.security.access.method.DelegatingMethodSecurityMetadataSource#0,org.springframework.security.access.vote.AffirmativeBased#1,org.springframework.security.access.intercept.aopalliance.MethodSecurityInterceptor#0,org.springframework.security.methodSecurityMetadataSourceAdvisor,userDetailsService0,userDetailsService1,userDetailsService2,userDetailsService3,userDetailsService4,org.springframework.security.authentication.dao.DaoAuthenticationProvider#0,org.springframework.security.authentication.dao.DaoAuthenticationProvider#1,org.springframework.security.authentication.dao.DaoAuthenticationProvider#2,org.springframework.security.authentication.dao.DaoAuthenticationProvider#3,org.springframework.security.authentication.dao.DaoAuthenticationProvider#4,org.springframework.security.authentication.DefaultAuthenticationEventPublisher#0,org.springframework.security.authenticationManager,xmlGateService,freemarkerConfiguration]; root of factory hierarchy
INFO Thread-1 org.springframework.cache.ehcache.EhCacheManagerFactoryBean - Shutting down EHCache CacheManager
